
  .   ____          _            __ _ _
 /\\ / ___'_ __ _ _(_)_ __  __ _ \ \ \ \
( ( )\___ | '_ | '_| | '_ \/ _` | \ \ \ \
 \\/  ___)| |_)| | | | | || (_| |  ) ) ) )
  '  |____| .__|_| |_|_| |_\__, | / / / /
 =========|_|==============|___/=/_/_/_/
 :: Spring Boot ::                (v2.6.3)

2022-05-20 13:03:34.162  INFO 91640 --- [           main] c.e.e.EmployeesportalApplication         : Starting EmployeesportalApplication v0.0.1-SNAPSHOT using Java 16.0.2 on Manikanta-MacBook-Pro-2.local with PID 91640 (/Users/kodimalamanikanta/IdeaProjects/employeesportal/target/employeesportal-0.0.1-SNAPSHOT.jar started by kodimalamanikanta in /Users/kodimalamanikanta/IdeaProjects/employeesportal)
2022-05-20 13:03:34.168  INFO 91640 --- [           main] c.e.e.EmployeesportalApplication         : No active profile set, falling back to default profiles: default
2022-05-20 13:03:36.273  INFO 91640 --- [           main] .s.d.r.c.RepositoryConfigurationDelegate : Bootstrapping Spring Data JPA repositories in DEFAULT mode.
2022-05-20 13:03:36.473  INFO 91640 --- [           main] .s.d.r.c.RepositoryConfigurationDelegate : Finished Spring Data repository scanning in 158 ms. Found 1 JPA repository interfaces.
2022-05-20 13:03:38.043  INFO 91640 --- [           main] o.s.b.w.embedded.tomcat.TomcatWebServer  : Tomcat initialized with port(s): 8080 (http)
2022-05-20 13:03:38.083  INFO 91640 --- [           main] o.apache.catalina.core.StandardService   : Starting service [Tomcat]
2022-05-20 13:03:38.084  INFO 91640 --- [           main] org.apache.catalina.core.StandardEngine  : Starting Servlet engine: [Apache Tomcat/9.0.56]
2022-05-20 13:03:38.205  INFO 91640 --- [           main] o.a.c.c.C.[Tomcat].[localhost].[/]       : Initializing Spring embedded WebApplicationContext
2022-05-20 13:03:38.205  INFO 91640 --- [           main] w.s.c.ServletWebServerApplicationContext : Root WebApplicationContext: initialization completed in 3864 ms
2022-05-20 13:03:38.738  INFO 91640 --- [           main] o.hibernate.jpa.internal.util.LogHelper  : HHH000204: Processing PersistenceUnitInfo [name: default]
2022-05-20 13:03:38.894  INFO 91640 --- [           main] org.hibernate.Version                    : HHH000412: Hibernate ORM core version 5.6.4.Final
2022-05-20 13:03:39.425  INFO 91640 --- [           main] o.hibernate.annotations.common.Version   : HCANN000001: Hibernate Commons Annotations {5.1.2.Final}
2022-05-20 13:03:39.736  INFO 91640 --- [           main] com.zaxxer.hikari.HikariDataSource       : HikariPool-1 - Starting...
2022-05-20 13:03:41.609  INFO 91640 --- [           main] com.zaxxer.hikari.HikariDataSource       : HikariPool-1 - Start completed.
2022-05-20 13:03:41.705  INFO 91640 --- [           main] org.hibernate.dialect.Dialect            : HHH000400: Using dialect: org.hibernate.dialect.PostgreSQL10Dialect
2022-05-20 13:03:44.333  INFO 91640 --- [           main] o.h.e.t.j.p.i.JtaPlatformInitiator       : HHH000490: Using JtaPlatform implementation: [org.hibernate.engine.transaction.jta.platform.internal.NoJtaPlatform]
2022-05-20 13:03:44.364  INFO 91640 --- [           main] j.LocalContainerEntityManagerFactoryBean : Initialized JPA EntityManagerFactory for persistence unit 'default'
2022-05-20 13:03:45.641  WARN 91640 --- [           main] JpaBaseConfiguration$JpaWebConfiguration : spring.jpa.open-in-view is enabled by default. Therefore, database queries may be performed during view rendering. Explicitly configure spring.jpa.open-in-view to disable this warning
2022-05-20 13:03:46.605  INFO 91640 --- [           main] o.s.b.w.embedded.tomcat.TomcatWebServer  : Tomcat started on port(s): 8080 (http) with context path ''
2022-05-20 13:03:46.633  INFO 91640 --- [           main] c.e.e.EmployeesportalApplication         : Started EmployeesportalApplication in 13.832 seconds (JVM running for 14.867)
2022-05-20 13:04:23.348  INFO 91640 --- [nio-8080-exec-1] o.a.c.c.C.[Tomcat].[localhost].[/]       : Initializing Spring DispatcherServlet 'dispatcherServlet'
2022-05-20 13:04:23.348  INFO 91640 --- [nio-8080-exec-1] o.s.web.servlet.DispatcherServlet        : Initializing Servlet 'dispatcherServlet'
2022-05-20 13:04:23.349  INFO 91640 --- [nio-8080-exec-1] o.s.web.servlet.DispatcherServlet        : Completed initialization in 1 ms
2022-05-20 13:28:25.531  INFO 91640 --- [ionShutdownHook] j.LocalContainerEntityManagerFactoryBean : Closing JPA EntityManagerFactory for persistence unit 'default'
2022-05-20 13:28:25.542  INFO 91640 --- [ionShutdownHook] com.zaxxer.hikari.HikariDataSource       : HikariPool-1 - Shutdown initiated...
2022-05-20 13:28:25.562  INFO 91640 --- [ionShutdownHook] com.zaxxer.hikari.HikariDataSource       : HikariPool-1 - Shutdown completed.
